<?xml version='1.0' encoding='UTF-8'?>
<testsuite hostname="MacBook-Pro-M3M.local" name="sutd.compiler.TestBigStepEval" tests="3" errors="0" failures="0" skipped="0" time="0.017" timestamp="2024-09-10T12:31:44">
          <properties>
[...]
</properties>
          <testcase classname="sutd.compiler.TestBigStepEval" name="big step eval: const should be evaluated to const" time="0.01">
                      
                    </testcase><testcase classname="sutd.compiler.TestBigStepEval" name="big step eval: identity function should be returning the same value" time="0.004">
                      
                    </testcase><testcase classname="sutd.compiler.TestBigStepEval" name="big step eval: factorial 3 should be 6" time="0.003">
                      
                    </testcase>
          <system-out><![CDATA[]]></system-out>
          <system-err><![CDATA[]]></system-err>
        </testsuite>